<?xml version="1.0" encoding="UTF-8"?>
<!-- Generated by org.testng.reporters.JUnitXMLReporter -->
<testsuite ignored="0" hostname="DESKTOP-2O8HHEU" failures="0" tests="7" name="Default test" time="121.709" errors="0" timestamp="2023-05-05T11:24:26 IST">
  <testcase classname="org.Test.TestNG_5" name="tc1" time="0.014"/>
  <testcase classname="org.Test.TestNG_5" name="tc3" time="54.013"/>
  <testcase classname="org.Test.TestNG_5" name="tc3" time="12.937"/>
  <testcase classname="org.Test.TestNG_5" name="tc3" time="12.984"/>
  <testcase classname="org.Test.TestNG_5" name="tc4" time="10.554"/>
  <testcase classname="org.Test.TestNG_5" name="tc4" time="1.294"/>
  <testcase classname="org.Test.TestNG_5" name="tc4" time="1.157"/>
</testsuite> <!-- Default test -->
