<?xml version="1.0" encoding="UTF-8"?>
<!-- Generated by org.testng.reporters.JUnitXMLReporter -->
<testsuite ignored="1" hostname="DESKTOP-2O8HHEU" failures="1" tests="2" name="Test" time="0.287" errors="0" timestamp="2023-05-02T09:18:05 IST">
  <testcase classname="org.TestNG6.A" name="@BeforeClass lanunchtheBrowser" time="0.031">
    <failure type="java.lang.StackOverflowError">
      <![CDATA[java.lang.StackOverflowError
at org.TestNG6.A.lanunchtheBrowser(A.java:56)
at org.TestNG6.A.lanunchtheBrowser(A.java:56)
at org.TestNG6.A.lanunchtheBrowser(A.java:56)
at org.TestNG6.A.lanunchtheBrowser(A.java:56)
at org.TestNG6.A.lanunchtheBrowser(A.java:56)
at org.TestNG6.A.lanunchtheBrowser(A.java:56)
at org.TestNG6.A.lanunchtheBrowser(A.java:56)
at org.TestNG6.A.lanunchtheBrowser(A.java:56)
at org.TestNG6.A.lanunchtheBrowser(A.java:56)
at org.TestNG6.A.lanunchtheBrowser(A.java:56)
at org.TestNG6.A.lanunchtheBrowser(A.java:56)
at org.TestNG6.A.lanunchtheBrowser(A.java:56)
at org.TestNG6.A.lanunchtheBrowser(A.java:56)
at org.TestNG6.A.lanunchtheBrowser(A.java:56)
at org.TestNG6.A.lanunchtheBrowser(A.java:56)
at org.TestNG6.A.lanunchtheBrowser(A.java:56)
at org.TestNG6.A.lanunchtheBrowser(A.java:56)
at org.TestNG6.A.lanunchtheBrowser(A.java:56)
at org.TestNG6.A.lanunchtheBrowser(A.java:56)
at org.TestNG6.A.lanunchtheBrowser(A.java:56)
at org.TestNG6.A.lanunchtheBrowser(A.java:56)
at org.TestNG6.A.lanunchtheBrowser(A.java:56)
at org.TestNG6.A.lanunchtheBrowser(A.java:56)
at org.TestNG6.A.lanunchtheBrowser(A.java:56)
at org.TestNG6.A.lanunchtheBrowser(A.java:56)
at org.TestNG6.A.lanunchtheBrowser(A.java:56)
at org.TestNG6.A.lanunchtheBrowser(A.java:56)
at org.TestNG6.A.lanunchtheBrowser(A.java:56)
at org.TestNG6.A.lanunchtheBrowser(A.java:56)
at org.TestNG6.A.lanunchtheBrowser(A.java:56)
at org.TestNG6.A.lanunchtheBrowser(A.java:56)
at org.TestNG6.A.lanunchtheBrowser(A.java:56)
at org.TestNG6.A.lanunchtheBrowser(A.java:56)
at org.TestNG6.A.lanunchtheBrowser(A.java:56)
at org.TestNG6.A.lanunchtheBrowser(A.java:56)
at org.TestNG6.A.lanunchtheBrowser(A.java:56)
at org.TestNG6.A.lanunchtheBrowser(A.java:56)
at org.TestNG6.A.lanunchtheBrowser(A.java:56)
at org.TestNG6.A.lanunchtheBrowser(A.java:56)
at org.TestNG6.A.lanunchtheBrowser(A.java:56)
at org.TestNG6.A.lanunchtheBrowser(A.java:56)
at org.TestNG6.A.lanunchtheBrowser(A.java:56)
at org.TestNG6.A.lanunchtheBrowser(A.java:56)
at org.TestNG6.A.lanunchtheBrowser(A.java:56)
at org.TestNG6.A.lanunchtheBrowser(A.java:56)
at org.TestNG6.A.lanunchtheBrowser(A.java:56)
at org.TestNG6.A.lanunchtheBrowser(A.java:56)
at org.TestNG6.A.lanunchtheBrowser(A.java:56)
at org.TestNG6.A.lanunchtheBrowser(A.java:56)
at org.TestNG6.A.lanunchtheBrowser(A.java:56)
at org.TestNG6.A.lanunchtheBrowser(A.java:56)
at org.TestNG6.A.lanunchtheBrowser(A.java:56)
at org.TestNG6.A.lanunchtheBrowser(A.java:56)
at org.TestNG6.A.lanunchtheBrowser(A.java:56)
at org.TestNG6.A.lanunchtheBrowser(A.java:56)
at org.TestNG6.A.lanunchtheBrowser(A.java:56)
at org.TestNG6.A.lanunchtheBrowser(A.java:56)
at org.TestNG6.A.lanunchtheBrowser(A.java:56)
at org.TestNG6.A.lanunchtheBrowser(A.java:56)
at org.TestNG6.A.lanunchtheBrowser(A.java:56)
at org.TestNG6.A.lanunchtheBrowser(A.java:56)
at org.TestNG6.A.lanunchtheBrowser(A.java:56)
at org.TestNG6.A.lanunchtheBrowser(A.java:56)
at org.TestNG6.A.lanunchtheBrowser(A.java:56)
at org.TestNG6.A.lanunchtheBrowser(A.java:56)
at org.TestNG6.A.lanunchtheBrowser(A.java:56)
at org.TestNG6.A.lanunchtheBrowser(A.java:56)
at org.TestNG6.A.lanunchtheBrowser(A.java:56)
at org.TestNG6.A.lanunchtheBrowser(A.java:56)
at org.TestNG6.A.lanunchtheBrowser(A.java:56)
at org.TestNG6.A.lanunchtheBrowser(A.java:56)
at org.TestNG6.A.lanunchtheBrowser(A.java:56)
at org.TestNG6.A.lanunchtheBrowser(A.java:56)
at org.TestNG6.A.lanunchtheBrowser(A.java:56)
at org.TestNG6.A.lanunchtheBrowser(A.java:56)
at org.TestNG6.A.lanunchtheBrowser(A.java:56)
at org.TestNG6.A.lanunchtheBrowser(A.java:56)
at org.TestNG6.A.lanunchtheBrowser(A.java:56)
at org.TestNG6.A.lanunchtheBrowser(A.java:56)
at org.TestNG6.A.lanunchtheBrowser(A.java:56)
at org.TestNG6.A.lanunchtheBrowser(A.java:56)
at org.TestNG6.A.lanunchtheBrowser(A.java:56)
at org.TestNG6.A.lanunchtheBrowser(A.java:56)
at org.TestNG6.A.lanunchtheBrowser(A.java:56)
at org.TestNG6.A.lanunchtheBrowser(A.java:56)
at org.TestNG6.A.lanunchtheBrowser(A.java:56)
at org.TestNG6.A.lanunchtheBrowser(A.java:56)
at org.TestNG6.A.lanunchtheBrowser(A.java:56)
at org.TestNG6.A.lanunchtheBrowser(A.java:56)
at org.TestNG6.A.lanunchtheBrowser(A.java:56)
at org.TestNG6.A.lanunchtheBrowser(A.java:56)
at org.TestNG6.A.lanunchtheBrowser(A.java:56)
at org.TestNG6.A.lanunchtheBrowser(A.java:56)
at org.TestNG6.A.lanunchtheBrowser(A.java:56)
at org.TestNG6.A.lanunchtheBrowser(A.java:56)
at org.TestNG6.A.lanunchtheBrowser(A.java:56)
at org.TestNG6.A.lanunchtheBrowser(A.java:56)
at org.TestNG6.A.lanunchtheBrowser(A.java:56)
at org.TestNG6.A.lanunchtheBrowser(A.java:56)
at org.TestNG6.A.lanunchtheBrowser(A.java:56)
at org.TestNG6.A.lanunchtheBrowser(A.java:56)
at org.TestNG6.A.lanunchtheBrowser(A.java:56)
at org.TestNG6.A.lanunchtheBrowser(A.java:56)
at org.TestNG6.A.lanunchtheBrowser(A.java:56)
at org.TestNG6.A.lanunchtheBrowser(A.java:56)
at org.TestNG6.A.lanunchtheBrowser(A.java:56)
at org.TestNG6.A.lanunchtheBrowser(A.java:56)
at org.TestNG6.A.lanunchtheBrowser(A.java:56)
at org.TestNG6.A.lanunchtheBrowser(A.java:56)
at org.TestNG6.A.lanunchtheBrowser(A.java:56)
at org.TestNG6.A.lanunchtheBrowser(A.java:56)
at org.TestNG6.A.lanunchtheBrowser(A.java:56)
at org.TestNG6.A.lanunchtheBrowser(A.java:56)
at org.TestNG6.A.lanunchtheBrowser(A.java:56)
at org.TestNG6.A.lanunchtheBrowser(A.java:56)
at org.TestNG6.A.lanunchtheBrowser(A.java:56)
at org.TestNG6.A.lanunchtheBrowser(A.java:56)
at org.TestNG6.A.lanunchtheBrowser(A.java:56)
at org.TestNG6.A.lanunchtheBrowser(A.java:56)
at org.TestNG6.A.lanunchtheBrowser(A.java:56)
at org.TestNG6.A.lanunchtheBrowser(A.java:56)
at org.TestNG6.A.lanunchtheBrowser(A.java:56)
at org.TestNG6.A.lanunchtheBrowser(A.java:56)
at org.TestNG6.A.lanunchtheBrowser(A.java:56)
at org.TestNG6.A.lanunchtheBrowser(A.java:56)
at org.TestNG6.A.lanunchtheBrowser(A.java:56)
at org.TestNG6.A.lanunchtheBrowser(A.java:56)
at org.TestNG6.A.lanunchtheBrowser(A.java:56)
at org.TestNG6.A.lanunchtheBrowser(A.java:56)
at org.TestNG6.A.lanunchtheBrowser(A.java:56)
at org.TestNG6.A.lanunchtheBrowser(A.java:56)
at org.TestNG6.A.lanunchtheBrowser(A.java:56)
at org.TestNG6.A.lanunchtheBrowser(A.java:56)
at org.TestNG6.A.lanunchtheBrowser(A.java:56)
at org.TestNG6.A.lanunchtheBrowser(A.java:56)
at org.TestNG6.A.lanunchtheBrowser(A.java:56)
at org.TestNG6.A.lanunchtheBrowser(A.java:56)
at org.TestNG6.A.lanunchtheBrowser(A.java:56)
at org.TestNG6.A.lanunchtheBrowser(A.java:56)
at org.TestNG6.A.lanunchtheBrowser(A.java:56)
at org.TestNG6.A.lanunchtheBrowser(A.java:56)
at org.TestNG6.A.lanunchtheBrowser(A.java:56)
at org.TestNG6.A.lanunchtheBrowser(A.java:56)
at org.TestNG6.A.lanunchtheBrowser(A.java:56)
at org.TestNG6.A.lanunchtheBrowser(A.java:56)
at org.TestNG6.A.lanunchtheBrowser(A.java:56)
at org.TestNG6.A.lanunchtheBrowser(A.java:56)
at org.TestNG6.A.lanunchtheBrowser(A.java:56)
at org.TestNG6.A.lanunchtheBrowser(A.java:56)
at org.TestNG6.A.lanunchtheBrowser(A.java:56)
at org.TestNG6.A.lanunchtheBrowser(A.java:56)
at org.TestNG6.A.lanunchtheBrowser(A.java:56)
at org.TestNG6.A.lanunchtheBrowser(A.java:56)
at org.TestNG6.A.lanunchtheBrowser(A.java:56)
at org.TestNG6.A.lanunchtheBrowser(A.java:56)
at org.TestNG6.A.lanunchtheBrowser(A.java:56)
at org.TestNG6.A.lanunchtheBrowser(A.java:56)
at org.TestNG6.A.lanunchtheBrowser(A.java:56)
at org.TestNG6.A.lanunchtheBrowser(A.java:56)
at org.TestNG6.A.lanunchtheBrowser(A.java:56)
at org.TestNG6.A.lanunchtheBrowser(A.java:56)
at org.TestNG6.A.lanunchtheBrowser(A.java:56)
at org.TestNG6.A.lanunchtheBrowser(A.java:56)
at org.TestNG6.A.lanunchtheBrowser(A.java:56)
at org.TestNG6.A.lanunchtheBrowser(A.java:56)
at org.TestNG6.A.lanunchtheBrowser(A.java:56)
at org.TestNG6.A.lanunchtheBrowser(A.java:56)
at org.TestNG6.A.lanunchtheBrowser(A.java:56)
at org.TestNG6.A.lanunchtheBrowser(A.java:56)
at org.TestNG6.A.lanunchtheBrowser(A.java:56)
at org.TestNG6.A.lanunchtheBrowser(A.java:56)
at org.TestNG6.A.lanunchtheBrowser(A.java:56)
at org.TestNG6.A.lanunchtheBrowser(A.java:56)
at org.TestNG6.A.lanunchtheBrowser(A.java:56)
at org.TestNG6.A.lanunchtheBrowser(A.java:56)
at org.TestNG6.A.lanunchtheBrowser(A.java:56)
at org.TestNG6.A.lanunchtheBrowser(A.java:56)
at org.TestNG6.A.lanunchtheBrowser(A.java:56)
at org.TestNG6.A.lanunchtheBrowser(A.java:56)
at org.TestNG6.A.lanunchtheBrowser(A.java:56)
at org.TestNG6.A.lanunchtheBrowser(A.java:56)
at org.TestNG6.A.lanunchtheBrowser(A.java:56)
at org.TestNG6.A.lanunchtheBrowser(A.java:56)
at org.TestNG6.A.lanunchtheBrowser(A.java:56)
at org.TestNG6.A.lanunchtheBrowser(A.java:56)
at org.TestNG6.A.lanunchtheBrowser(A.java:56)
at org.TestNG6.A.lanunchtheBrowser(A.java:56)
at org.TestNG6.A.lanunchtheBrowser(A.java:56)
at org.TestNG6.A.lanunchtheBrowser(A.java:56)
at org.TestNG6.A.lanunchtheBrowser(A.java:56)
at org.TestNG6.A.lanunchtheBrowser(A.java:56)
at org.TestNG6.A.lanunchtheBrowser(A.java:56)
at org.TestNG6.A.lanunchtheBrowser(A.java:56)
at org.TestNG6.A.lanunchtheBrowser(A.java:56)
at org.TestNG6.A.lanunchtheBrowser(A.java:56)
at org.TestNG6.A.lanunchtheBrowser(A.java:56)
at org.TestNG6.A.lanunchtheBrowser(A.java:56)
at org.TestNG6.A.lanunchtheBrowser(A.java:56)
at org.TestNG6.A.lanunchtheBrowser(A.java:56)
at org.TestNG6.A.lanunchtheBrowser(A.java:56)
at org.TestNG6.A.lanunchtheBrowser(A.java:56)
at org.TestNG6.A.lanunchtheBrowser(A.java:56)
at org.TestNG6.A.lanunchtheBrowser(A.java:56)
at org.TestNG6.A.lanunchtheBrowser(A.java:56)
at org.TestNG6.A.lanunchtheBrowser(A.java:56)
at org.TestNG6.A.lanunchtheBrowser(A.java:56)
at org.TestNG6.A.lanunchtheBrowser(A.java:56)
at org.TestNG6.A.lanunchtheBrowser(A.java:56)
at org.TestNG6.A.lanunchtheBrowser(A.java:56)
at org.TestNG6.A.lanunchtheBrowser(A.java:56)
at org.TestNG6.A.lanunchtheBrowser(A.java:56)
at org.TestNG6.A.lanunchtheBrowser(A.java:56)
at org.TestNG6.A.lanunchtheBrowser(A.java:56)
at org.TestNG6.A.lanunchtheBrowser(A.java:56)
at org.TestNG6.A.lanunchtheBrowser(A.java:56)
at org.TestNG6.A.lanunchtheBrowser(A.java:56)
at org.TestNG6.A.lanunchtheBrowser(A.java:56)
at org.TestNG6.A.lanunchtheBrowser(A.java:56)
at org.TestNG6.A.lanunchtheBrowser(A.java:56)
at org.TestNG6.A.lanunchtheBrowser(A.java:56)
at org.TestNG6.A.lanunchtheBrowser(A.java:56)
at org.TestNG6.A.lanunchtheBrowser(A.java:56)
at org.TestNG6.A.lanunchtheBrowser(A.java:56)
at org.TestNG6.A.lanunchtheBrowser(A.java:56)
at org.TestNG6.A.lanunchtheBrowser(A.java:56)
at org.TestNG6.A.lanunchtheBrowser(A.java:56)
at org.TestNG6.A.lanunchtheBrowser(A.java:56)
at org.TestNG6.A.lanunchtheBrowser(A.java:56)
at org.TestNG6.A.lanunchtheBrowser(A.java:56)
at org.TestNG6.A.lanunchtheBrowser(A.java:56)
at org.TestNG6.A.lanunchtheBrowser(A.java:56)
at org.TestNG6.A.lanunchtheBrowser(A.java:56)
at org.TestNG6.A.lanunchtheBrowser(A.java:56)
at org.TestNG6.A.lanunchtheBrowser(A.java:56)
at org.TestNG6.A.lanunchtheBrowser(A.java:56)
at org.TestNG6.A.lanunchtheBrowser(A.java:56)
at org.TestNG6.A.lanunchtheBrowser(A.java:56)
at org.TestNG6.A.lanunchtheBrowser(A.java:56)
at org.TestNG6.A.lanunchtheBrowser(A.java:56)
at org.TestNG6.A.lanunchtheBrowser(A.java:56)
at org.TestNG6.A.lanunchtheBrowser(A.java:56)
at org.TestNG6.A.lanunchtheBrowser(A.java:56)
at org.TestNG6.A.lanunchtheBrowser(A.java:56)
at org.TestNG6.A.lanunchtheBrowser(A.java:56)
at org.TestNG6.A.lanunchtheBrowser(A.java:56)
at org.TestNG6.A.lanunchtheBrowser(A.java:56)
at org.TestNG6.A.lanunchtheBrowser(A.java:56)
at org.TestNG6.A.lanunchtheBrowser(A.java:56)
at org.TestNG6.A.lanunchtheBrowser(A.java:56)
at org.TestNG6.A.lanunchtheBrowser(A.java:56)
at org.TestNG6.A.lanunchtheBrowser(A.java:56)
at org.TestNG6.A.lanunchtheBrowser(A.java:56)
at org.TestNG6.A.lanunchtheBrowser(A.java:56)
at org.TestNG6.A.lanunchtheBrowser(A.java:56)
at org.TestNG6.A.lanunchtheBrowser(A.java:56)
at org.TestNG6.A.lanunchtheBrowser(A.java:56)
at org.TestNG6.A.lanunchtheBrowser(A.java:56)
at org.TestNG6.A.lanunchtheBrowser(A.java:56)
at org.TestNG6.A.lanunchtheBrowser(A.java:56)
at org.TestNG6.A.lanunchtheBrowser(A.java:56)
at org.TestNG6.A.lanunchtheBrowser(A.java:56)
at org.TestNG6.A.lanunchtheBrowser(A.java:56)
at org.TestNG6.A.lanunchtheBrowser(A.java:56)
at org.TestNG6.A.lanunchtheBrowser(A.java:56)
at org.TestNG6.A.lanunchtheBrowser(A.java:56)
at org.TestNG6.A.lanunchtheBrowser(A.java:56)
at org.TestNG6.A.lanunchtheBrowser(A.java:56)
at org.TestNG6.A.lanunchtheBrowser(A.java:56)
at org.TestNG6.A.lanunchtheBrowser(A.java:56)
at org.TestNG6.A.lanunchtheBrowser(A.java:56)
at org.TestNG6.A.lanunchtheBrowser(A.java:56)
at org.TestNG6.A.lanunchtheBrowser(A.java:56)
at org.TestNG6.A.lanunchtheBrowser(A.java:56)
at org.TestNG6.A.lanunchtheBrowser(A.java:56)
at org.TestNG6.A.lanunchtheBrowser(A.java:56)
at org.TestNG6.A.lanunchtheBrowser(A.java:56)
at org.TestNG6.A.lanunchtheBrowser(A.java:56)
at org.TestNG6.A.lanunchtheBrowser(A.java:56)
at org.TestNG6.A.lanunchtheBrowser(A.java:56)
at org.TestNG6.A.lanunchtheBrowser(A.java:56)
at org.TestNG6.A.lanunchtheBrowser(A.java:56)
at org.TestNG6.A.lanunchtheBrowser(A.java:56)
at org.TestNG6.A.lanunchtheBrowser(A.java:56)
at org.TestNG6.A.lanunchtheBrowser(A.java:56)
at org.TestNG6.A.lanunchtheBrowser(A.java:56)
at org.TestNG6.A.lanunchtheBrowser(A.java:56)
at org.TestNG6.A.lanunchtheBrowser(A.java:56)
at org.TestNG6.A.lanunchtheBrowser(A.java:56)
at org.TestNG6.A.lanunchtheBrowser(A.java:56)
at org.TestNG6.A.lanunchtheBrowser(A.java:56)
at org.TestNG6.A.lanunchtheBrowser(A.java:56)
at org.TestNG6.A.lanunchtheBrowser(A.java:56)
at org.TestNG6.A.lanunchtheBrowser(A.java:56)
at org.TestNG6.A.lanunchtheBrowser(A.java:56)
at org.TestNG6.A.lanunchtheBrowser(A.java:56)
at org.TestNG6.A.lanunchtheBrowser(A.java:56)
at org.TestNG6.A.lanunchtheBrowser(A.java:56)
at org.TestNG6.A.lanunchtheBrowser(A.java:56)
at org.TestNG6.A.lanunchtheBrowser(A.java:56)
at org.TestNG6.A.lanunchtheBrowser(A.java:56)
at org.TestNG6.A.lanunchtheBrowser(A.java:56)
at org.TestNG6.A.lanunchtheBrowser(A.java:56)
at org.TestNG6.A.lanunchtheBrowser(A.java:56)
at org.TestNG6.A.lanunchtheBrowser(A.java:56)
at org.TestNG6.A.lanunchtheBrowser(A.java:56)
at org.TestNG6.A.lanunchtheBrowser(A.java:56)
at org.TestNG6.A.lanunchtheBrowser(A.java:56)
at org.TestNG6.A.lanunchtheBrowser(A.java:56)
at org.TestNG6.A.lanunchtheBrowser(A.java:56)
at org.TestNG6.A.lanunchtheBrowser(A.java:56)
at org.TestNG6.A.lanunchtheBrowser(A.java:56)
at org.TestNG6.A.lanunchtheBrowser(A.java:56)
at org.TestNG6.A.lanunchtheBrowser(A.java:56)
at org.TestNG6.A.lanunchtheBrowser(A.java:56)
at org.TestNG6.A.lanunchtheBrowser(A.java:56)
at org.TestNG6.A.lanunchtheBrowser(A.java:56)
at org.TestNG6.A.lanunchtheBrowser(A.java:56)
at org.TestNG6.A.lanunchtheBrowser(A.java:56)
at org.TestNG6.A.lanunchtheBrowser(A.java:56)
at org.TestNG6.A.lanunchtheBrowser(A.java:56)
at org.TestNG6.A.lanunchtheBrowser(A.java:56)
at org.TestNG6.A.lanunchtheBrowser(A.java:56)
at org.TestNG6.A.lanunchtheBrowser(A.java:56)
at org.TestNG6.A.lanunchtheBrowser(A.java:56)
at org.TestNG6.A.lanunchtheBrowser(A.java:56)
at org.TestNG6.A.lanunchtheBrowser(A.java:56)
at org.TestNG6.A.lanunchtheBrowser(A.java:56)
at org.TestNG6.A.lanunchtheBrowser(A.java:56)
at org.TestNG6.A.lanunchtheBrowser(A.java:56)
at org.TestNG6.A.lanunchtheBrowser(A.java:56)
at org.TestNG6.A.lanunchtheBrowser(A.java:56)
at org.TestNG6.A.lanunchtheBrowser(A.java:56)
at org.TestNG6.A.lanunchtheBrowser(A.java:56)
at org.TestNG6.A.lanunchtheBrowser(A.java:56)
at org.TestNG6.A.lanunchtheBrowser(A.java:56)
at org.TestNG6.A.lanunchtheBrowser(A.java:56)
at org.TestNG6.A.lanunchtheBrowser(A.java:56)
at org.TestNG6.A.lanunchtheBrowser(A.java:56)
at org.TestNG6.A.lanunchtheBrowser(A.java:56)
at org.TestNG6.A.lanunchtheBrowser(A.java:56)
at org.TestNG6.A.lanunchtheBrowser(A.java:56)
at org.TestNG6.A.lanunchtheBrowser(A.java:56)
at org.TestNG6.A.lanunchtheBrowser(A.java:56)
at org.TestNG6.A.lanunchtheBrowser(A.java:56)
at org.TestNG6.A.lanunchtheBrowser(A.java:56)
at org.TestNG6.A.lanunchtheBrowser(A.java:56)
at org.TestNG6.A.lanunchtheBrowser(A.java:56)
at org.TestNG6.A.lanunchtheBrowser(A.java:56)
at org.TestNG6.A.lanunchtheBrowser(A.java:56)
at org.TestNG6.A.lanunchtheBrowser(A.java:56)
at org.TestNG6.A.lanunchtheBrowser(A.java:56)
at org.TestNG6.A.lanunchtheBrowser(A.java:56)
at org.TestNG6.A.lanunchtheBrowser(A.java:56)
at org.TestNG6.A.lanunchtheBrowser(A.java:56)
at org.TestNG6.A.lanunchtheBrowser(A.java:56)
at org.TestNG6.A.lanunchtheBrowser(A.java:56)
at org.TestNG6.A.lanunchtheBrowser(A.java:56)
at org.TestNG6.A.lanunchtheBrowser(A.java:56)
at org.TestNG6.A.lanunchtheBrowser(A.java:56)
at org.TestNG6.A.lanunchtheBrowser(A.java:56)
at org.TestNG6.A.lanunchtheBrowser(A.java:56)
at org.TestNG6.A.lanunchtheBrowser(A.java:56)
at org.TestNG6.A.lanunchtheBrowser(A.java:56)
at org.TestNG6.A.lanunchtheBrowser(A.java:56)
at org.TestNG6.A.lanunchtheBrowser(A.java:56)
at org.TestNG6.A.lanunchtheBrowser(A.java:56)
at org.TestNG6.A.lanunchtheBrowser(A.java:56)
at org.TestNG6.A.lanunchtheBrowser(A.java:56)
at org.TestNG6.A.lanunchtheBrowser(A.java:56)
at org.TestNG6.A.lanunchtheBrowser(A.java:56)
at org.TestNG6.A.lanunchtheBrowser(A.java:56)
at org.TestNG6.A.lanunchtheBrowser(A.java:56)
at org.TestNG6.A.lanunchtheBrowser(A.java:56)
at org.TestNG6.A.lanunchtheBrowser(A.java:56)
at org.TestNG6.A.lanunchtheBrowser(A.java:56)
at org.TestNG6.A.lanunchtheBrowser(A.java:56)
at org.TestNG6.A.lanunchtheBrowser(A.java:56)
at org.TestNG6.A.lanunchtheBrowser(A.java:56)
at org.TestNG6.A.lanunchtheBrowser(A.java:56)
at org.TestNG6.A.lanunchtheBrowser(A.java:56)
at org.TestNG6.A.lanunchtheBrowser(A.java:56)
at org.TestNG6.A.lanunchtheBrowser(A.java:56)
at org.TestNG6.A.lanunchtheBrowser(A.java:56)
at org.TestNG6.A.lanunchtheBrowser(A.java:56)
at org.TestNG6.A.lanunchtheBrowser(A.java:56)
at org.TestNG6.A.lanunchtheBrowser(A.java:56)
at org.TestNG6.A.lanunchtheBrowser(A.java:56)
at org.TestNG6.A.lanunchtheBrowser(A.java:56)
at org.TestNG6.A.lanunchtheBrowser(A.java:56)
at org.TestNG6.A.lanunchtheBrowser(A.java:56)
at org.TestNG6.A.lanunchtheBrowser(A.java:56)
at org.TestNG6.A.lanunchtheBrowser(A.java:56)
at org.TestNG6.A.lanunchtheBrowser(A.java:56)
at org.TestNG6.A.lanunchtheBrowser(A.java:56)
at org.TestNG6.A.lanunchtheBrowser(A.java:56)
at org.TestNG6.A.lanunchtheBrowser(A.java:56)
at org.TestNG6.A.lanunchtheBrowser(A.java:56)
at org.TestNG6.A.lanunchtheBrowser(A.java:56)
at org.TestNG6.A.lanunchtheBrowser(A.java:56)
at org.TestNG6.A.lanunchtheBrowser(A.java:56)
at org.TestNG6.A.lanunchtheBrowser(A.java:56)
at org.TestNG6.A.lanunchtheBrowser(A.java:56)
at org.TestNG6.A.lanunchtheBrowser(A.java:56)
at org.TestNG6.A.lanunchtheBrowser(A.java:56)
at org.TestNG6.A.lanunchtheBrowser(A.java:56)
at org.TestNG6.A.lanunchtheBrowser(A.java:56)
at org.TestNG6.A.lanunchtheBrowser(A.java:56)
at org.TestNG6.A.lanunchtheBrowser(A.java:56)
at org.TestNG6.A.lanunchtheBrowser(A.java:56)
at org.TestNG6.A.lanunchtheBrowser(A.java:56)
at org.TestNG6.A.lanunchtheBrowser(A.java:56)
at org.TestNG6.A.lanunchtheBrowser(A.java:56)
at org.TestNG6.A.lanunchtheBrowser(A.java:56)
at org.TestNG6.A.lanunchtheBrowser(A.java:56)
at org.TestNG6.A.lanunchtheBrowser(A.java:56)
at org.TestNG6.A.lanunchtheBrowser(A.java:56)
at org.TestNG6.A.lanunchtheBrowser(A.java:56)
at org.TestNG6.A.lanunchtheBrowser(A.java:56)
at org.TestNG6.A.lanunchtheBrowser(A.java:56)
at org.TestNG6.A.lanunchtheBrowser(A.java:56)
at org.TestNG6.A.lanunchtheBrowser(A.java:56)
at org.TestNG6.A.lanunchtheBrowser(A.java:56)
at org.TestNG6.A.lanunchtheBrowser(A.java:56)
at org.TestNG6.A.lanunchtheBrowser(A.java:56)
at org.TestNG6.A.lanunchtheBrowser(A.java:56)
at org.TestNG6.A.lanunchtheBrowser(A.java:56)
at org.TestNG6.A.lanunchtheBrowser(A.java:56)
at org.TestNG6.A.lanunchtheBrowser(A.java:56)
at org.TestNG6.A.lanunchtheBrowser(A.java:56)
at org.TestNG6.A.lanunchtheBrowser(A.java:56)
at org.TestNG6.A.lanunchtheBrowser(A.java:56)
at org.TestNG6.A.lanunchtheBrowser(A.java:56)
at org.TestNG6.A.lanunchtheBrowser(A.java:56)
at org.TestNG6.A.lanunchtheBrowser(A.java:56)
at org.TestNG6.A.lanunchtheBrowser(A.java:56)
at org.TestNG6.A.lanunchtheBrowser(A.java:56)
at org.TestNG6.A.lanunchtheBrowser(A.java:56)
at org.TestNG6.A.lanunchtheBrowser(A.java:56)
at org.TestNG6.A.lanunchtheBrowser(A.java:56)
at org.TestNG6.A.lanunchtheBrowser(A.java:56)
at org.TestNG6.A.lanunchtheBrowser(A.java:56)
at org.TestNG6.A.lanunchtheBrowser(A.java:56)
at org.TestNG6.A.lanunchtheBrowser(A.java:56)
at org.TestNG6.A.lanunchtheBrowser(A.java:56)
at org.TestNG6.A.lanunchtheBrowser(A.java:56)
at org.TestNG6.A.lanunchtheBrowser(A.java:56)
at org.TestNG6.A.lanunchtheBrowser(A.java:56)
at org.TestNG6.A.lanunchtheBrowser(A.java:56)
at org.TestNG6.A.lanunchtheBrowser(A.java:56)
at org.TestNG6.A.lanunchtheBrowser(A.java:56)
at org.TestNG6.A.lanunchtheBrowser(A.java:56)
at org.TestNG6.A.lanunchtheBrowser(A.java:56)
at org.TestNG6.A.lanunchtheBrowser(A.java:56)
at org.TestNG6.A.lanunchtheBrowser(A.java:56)
at org.TestNG6.A.lanunchtheBrowser(A.java:56)
at org.TestNG6.A.lanunchtheBrowser(A.java:56)
at org.TestNG6.A.lanunchtheBrowser(A.java:56)
at org.TestNG6.A.lanunchtheBrowser(A.java:56)
at org.TestNG6.A.lanunchtheBrowser(A.java:56)
at org.TestNG6.A.lanunchtheBrowser(A.java:56)
at org.TestNG6.A.lanunchtheBrowser(A.java:56)
at org.TestNG6.A.lanunchtheBrowser(A.java:56)
at org.TestNG6.A.lanunchtheBrowser(A.java:56)
at org.TestNG6.A.lanunchtheBrowser(A.java:56)
at org.TestNG6.A.lanunchtheBrowser(A.java:56)
at org.TestNG6.A.lanunchtheBrowser(A.java:56)
at org.TestNG6.A.lanunchtheBrowser(A.java:56)
at org.TestNG6.A.lanunchtheBrowser(A.java:56)
at org.TestNG6.A.lanunchtheBrowser(A.java:56)
at org.TestNG6.A.lanunchtheBrowser(A.java:56)
at org.TestNG6.A.lanunchtheBrowser(A.java:56)
at org.TestNG6.A.lanunchtheBrowser(A.java:56)
at org.TestNG6.A.lanunchtheBrowser(A.java:56)
at org.TestNG6.A.lanunchtheBrowser(A.java:56)
at org.TestNG6.A.lanunchtheBrowser(A.java:56)
at org.TestNG6.A.lanunchtheBrowser(A.java:56)
at org.TestNG6.A.lanunchtheBrowser(A.java:56)
at org.TestNG6.A.lanunchtheBrowser(A.java:56)
at org.TestNG6.A.lanunchtheBrowser(A.java:56)
at org.TestNG6.A.lanunchtheBrowser(A.java:56)
at org.TestNG6.A.lanunchtheBrowser(A.java:56)
at org.TestNG6.A.lanunchtheBrowser(A.java:56)
at org.TestNG6.A.lanunchtheBrowser(A.java:56)
at org.TestNG6.A.lanunchtheBrowser(A.java:56)
at org.TestNG6.A.lanunchtheBrowser(A.java:56)
at org.TestNG6.A.lanunchtheBrowser(A.java:56)
at org.TestNG6.A.lanunchtheBrowser(A.java:56)
at org.TestNG6.A.lanunchtheBrowser(A.java:56)
at org.TestNG6.A.lanunchtheBrowser(A.java:56)
at org.TestNG6.A.lanunchtheBrowser(A.java:56)
at org.TestNG6.A.lanunchtheBrowser(A.java:56)
at org.TestNG6.A.lanunchtheBrowser(A.java:56)
at org.TestNG6.A.lanunchtheBrowser(A.java:56)
at org.TestNG6.A.lanunchtheBrowser(A.java:56)
at org.TestNG6.A.lanunchtheBrowser(A.java:56)
at org.TestNG6.A.lanunchtheBrowser(A.java:56)
at org.TestNG6.A.lanunchtheBrowser(A.java:56)
at org.TestNG6.A.lanunchtheBrowser(A.java:56)
at org.TestNG6.A.lanunchtheBrowser(A.java:56)
at org.TestNG6.A.lanunchtheBrowser(A.java:56)
at org.TestNG6.A.lanunchtheBrowser(A.java:56)
at org.TestNG6.A.lanunchtheBrowser(A.java:56)
at org.TestNG6.A.lanunchtheBrowser(A.java:56)
at org.TestNG6.A.lanunchtheBrowser(A.java:56)
at org.TestNG6.A.lanunchtheBrowser(A.java:56)
at org.TestNG6.A.lanunchtheBrowser(A.java:56)
at org.TestNG6.A.lanunchtheBrowser(A.java:56)
at org.TestNG6.A.lanunchtheBrowser(A.java:56)
at org.TestNG6.A.lanunchtheBrowser(A.java:56)
at org.TestNG6.A.lanunchtheBrowser(A.java:56)
at org.TestNG6.A.lanunchtheBrowser(A.java:56)
at org.TestNG6.A.lanunchtheBrowser(A.java:56)
at org.TestNG6.A.lanunchtheBrowser(A.java:56)
at org.TestNG6.A.lanunchtheBrowser(A.java:56)
at org.TestNG6.A.lanunchtheBrowser(A.java:56)
at org.TestNG6.A.lanunchtheBrowser(A.java:56)
at org.TestNG6.A.lanunchtheBrowser(A.java:56)
at org.TestNG6.A.lanunchtheBrowser(A.java:56)
at org.TestNG6.A.lanunchtheBrowser(A.java:56)
at org.TestNG6.A.lanunchtheBrowser(A.java:56)
at org.TestNG6.A.lanunchtheBrowser(A.java:56)
at org.TestNG6.A.lanunchtheBrowser(A.java:56)
at org.TestNG6.A.lanunchtheBrowser(A.java:56)
at org.TestNG6.A.lanunchtheBrowser(A.java:56)
at org.TestNG6.A.lanunchtheBrowser(A.java:56)
at org.TestNG6.A.lanunchtheBrowser(A.java:56)
at org.TestNG6.A.lanunchtheBrowser(A.java:56)
at org.TestNG6.A.lanunchtheBrowser(A.java:56)
at org.TestNG6.A.lanunchtheBrowser(A.java:56)
at org.TestNG6.A.lanunchtheBrowser(A.java:56)
at org.TestNG6.A.lanunchtheBrowser(A.java:56)
at org.TestNG6.A.lanunchtheBrowser(A.java:56)
at org.TestNG6.A.lanunchtheBrowser(A.java:56)
at org.TestNG6.A.lanunchtheBrowser(A.java:56)
at org.TestNG6.A.lanunchtheBrowser(A.java:56)
at org.TestNG6.A.lanunchtheBrowser(A.java:56)
at org.TestNG6.A.lanunchtheBrowser(A.java:56)
at org.TestNG6.A.lanunchtheBrowser(A.java:56)
at org.TestNG6.A.lanunchtheBrowser(A.java:56)
at org.TestNG6.A.lanunchtheBrowser(A.java:56)
at org.TestNG6.A.lanunchtheBrowser(A.java:56)
at org.TestNG6.A.lanunchtheBrowser(A.java:56)
at org.TestNG6.A.lanunchtheBrowser(A.java:56)
at org.TestNG6.A.lanunchtheBrowser(A.java:56)
at org.TestNG6.A.lanunchtheBrowser(A.java:56)
at org.TestNG6.A.lanunchtheBrowser(A.java:56)
at org.TestNG6.A.lanunchtheBrowser(A.java:56)
at org.TestNG6.A.lanunchtheBrowser(A.java:56)
at org.TestNG6.A.lanunchtheBrowser(A.java:56)
at org.TestNG6.A.lanunchtheBrowser(A.java:56)
at org.TestNG6.A.lanunchtheBrowser(A.java:56)
at org.TestNG6.A.lanunchtheBrowser(A.java:56)
at org.TestNG6.A.lanunchtheBrowser(A.java:56)
at org.TestNG6.A.lanunchtheBrowser(A.java:56)
at org.TestNG6.A.lanunchtheBrowser(A.java:56)
at org.TestNG6.A.lanunchtheBrowser(A.java:56)
at org.TestNG6.A.lanunchtheBrowser(A.java:56)
at org.TestNG6.A.lanunchtheBrowser(A.java:56)
at org.TestNG6.A.lanunchtheBrowser(A.java:56)
at org.TestNG6.A.lanunchtheBrowser(A.java:56)
at org.TestNG6.A.lanunchtheBrowser(A.java:56)
at org.TestNG6.A.lanunchtheBrowser(A.java:56)
at org.TestNG6.A.lanunchtheBrowser(A.java:56)
at org.TestNG6.A.lanunchtheBrowser(A.java:56)
at org.TestNG6.A.lanunchtheBrowser(A.java:56)
at org.TestNG6.A.lanunchtheBrowser(A.java:56)
at org.TestNG6.A.lanunchtheBrowser(A.java:56)
at org.TestNG6.A.lanunchtheBrowser(A.java:56)
at org.TestNG6.A.lanunchtheBrowser(A.java:56)
at org.TestNG6.A.lanunchtheBrowser(A.java:56)
at org.TestNG6.A.lanunchtheBrowser(A.java:56)
at org.TestNG6.A.lanunchtheBrowser(A.java:56)
at org.TestNG6.A.lanunchtheBrowser(A.java:56)
at org.TestNG6.A.lanunchtheBrowser(A.java:56)
at org.TestNG6.A.lanunchtheBrowser(A.java:56)
at org.TestNG6.A.lanunchtheBrowser(A.java:56)
at org.TestNG6.A.lanunchtheBrowser(A.java:56)
at org.TestNG6.A.lanunchtheBrowser(A.java:56)
at org.TestNG6.A.lanunchtheBrowser(A.java:56)
at org.TestNG6.A.lanunchtheBrowser(A.java:56)
at org.TestNG6.A.lanunchtheBrowser(A.java:56)
at org.TestNG6.A.lanunchtheBrowser(A.java:56)
at org.TestNG6.A.lanunchtheBrowser(A.java:56)
at org.TestNG6.A.lanunchtheBrowser(A.java:56)
at org.TestNG6.A.lanunchtheBrowser(A.java:56)
at org.TestNG6.A.lanunchtheBrowser(A.java:56)
at org.TestNG6.A.lanunchtheBrowser(A.java:56)
at org.TestNG6.A.lanunchtheBrowser(A.java:56)
at org.TestNG6.A.lanunchtheBrowser(A.java:56)
at org.TestNG6.A.lanunchtheBrowser(A.java:56)
at org.TestNG6.A.lanunchtheBrowser(A.java:56)
at org.TestNG6.A.lanunchtheBrowser(A.java:56)
at org.TestNG6.A.lanunchtheBrowser(A.java:56)
at org.TestNG6.A.lanunchtheBrowser(A.java:56)
at org.TestNG6.A.lanunchtheBrowser(A.java:56)
at org.TestNG6.A.lanunchtheBrowser(A.java:56)
at org.TestNG6.A.lanunchtheBrowser(A.java:56)
at org.TestNG6.A.lanunchtheBrowser(A.java:56)
at org.TestNG6.A.lanunchtheBrowser(A.java:56)
at org.TestNG6.A.lanunchtheBrowser(A.java:56)
at org.TestNG6.A.lanunchtheBrowser(A.java:56)
at org.TestNG6.A.lanunchtheBrowser(A.java:56)
at org.TestNG6.A.lanunchtheBrowser(A.java:56)
at org.TestNG6.A.lanunchtheBrowser(A.java:56)
at org.TestNG6.A.lanunchtheBrowser(A.java:56)
at org.TestNG6.A.lanunchtheBrowser(A.java:56)
at org.TestNG6.A.lanunchtheBrowser(A.java:56)
at org.TestNG6.A.lanunchtheBrowser(A.java:56)
at org.TestNG6.A.lanunchtheBrowser(A.java:56)
at org.TestNG6.A.lanunchtheBrowser(A.java:56)
at org.TestNG6.A.lanunchtheBrowser(A.java:56)
at org.TestNG6.A.lanunchtheBrowser(A.java:56)
at org.TestNG6.A.lanunchtheBrowser(A.java:56)
at org.TestNG6.A.lanunchtheBrowser(A.java:56)
at org.TestNG6.A.lanunchtheBrowser(A.java:56)
at org.TestNG6.A.lanunchtheBrowser(A.java:56)
at org.TestNG6.A.lanunchtheBrowser(A.java:56)
at org.TestNG6.A.lanunchtheBrowser(A.java:56)
at org.TestNG6.A.lanunchtheBrowser(A.java:56)
at org.TestNG6.A.lanunchtheBrowser(A.java:56)
at org.TestNG6.A.lanunchtheBrowser(A.java:56)
at org.TestNG6.A.lanunchtheBrowser(A.java:56)
at org.TestNG6.A.lanunchtheBrowser(A.java:56)
at org.TestNG6.A.lanunchtheBrowser(A.java:56)
at org.TestNG6.A.lanunchtheBrowser(A.java:56)
at org.TestNG6.A.lanunchtheBrowser(A.java:56)
at org.TestNG6.A.lanunchtheBrowser(A.java:56)
at org.TestNG6.A.lanunchtheBrowser(A.java:56)
at org.TestNG6.A.lanunchtheBrowser(A.java:56)
at org.TestNG6.A.lanunchtheBrowser(A.java:56)
at org.TestNG6.A.lanunchtheBrowser(A.java:56)
at org.TestNG6.A.lanunchtheBrowser(A.java:56)
at org.TestNG6.A.lanunchtheBrowser(A.java:56)
at org.TestNG6.A.lanunchtheBrowser(A.java:56)
at org.TestNG6.A.lanunchtheBrowser(A.java:56)
at org.TestNG6.A.lanunchtheBrowser(A.java:56)
at org.TestNG6.A.lanunchtheBrowser(A.java:56)
at org.TestNG6.A.lanunchtheBrowser(A.java:56)
at org.TestNG6.A.lanunchtheBrowser(A.java:56)
at org.TestNG6.A.lanunchtheBrowser(A.java:56)
at org.TestNG6.A.lanunchtheBrowser(A.java:56)
at org.TestNG6.A.lanunchtheBrowser(A.java:56)
at org.TestNG6.A.lanunchtheBrowser(A.java:56)
at org.TestNG6.A.lanunchtheBrowser(A.java:56)
at org.TestNG6.A.lanunchtheBrowser(A.java:56)
at org.TestNG6.A.lanunchtheBrowser(A.java:56)
at org.TestNG6.A.lanunchtheBrowser(A.java:56)
at org.TestNG6.A.lanunchtheBrowser(A.java:56)
at org.TestNG6.A.lanunchtheBrowser(A.java:56)
at org.TestNG6.A.lanunchtheBrowser(A.java:56)
at org.TestNG6.A.lanunchtheBrowser(A.java:56)
at org.TestNG6.A.lanunchtheBrowser(A.java:56)
at org.TestNG6.A.lanunchtheBrowser(A.java:56)
at org.TestNG6.A.lanunchtheBrowser(A.java:56)
at org.TestNG6.A.lanunchtheBrowser(A.java:56)
at org.TestNG6.A.lanunchtheBrowser(A.java:56)
at org.TestNG6.A.lanunchtheBrowser(A.java:56)
at org.TestNG6.A.lanunchtheBrowser(A.java:56)
at org.TestNG6.A.lanunchtheBrowser(A.java:56)
at org.TestNG6.A.lanunchtheBrowser(A.java:56)
at org.TestNG6.A.lanunchtheBrowser(A.java:56)
at org.TestNG6.A.lanunchtheBrowser(A.java:56)
at org.TestNG6.A.lanunchtheBrowser(A.java:56)
at org.TestNG6.A.lanunchtheBrowser(A.java:56)
at org.TestNG6.A.lanunchtheBrowser(A.java:56)
at org.TestNG6.A.lanunchtheBrowser(A.java:56)
at org.TestNG6.A.lanunchtheBrowser(A.java:56)
at org.TestNG6.A.lanunchtheBrowser(A.java:56)
at org.TestNG6.A.lanunchtheBrowser(A.java:56)
at org.TestNG6.A.lanunchtheBrowser(A.java:56)
at org.TestNG6.A.lanunchtheBrowser(A.java:56)
at org.TestNG6.A.lanunchtheBrowser(A.java:56)
at org.TestNG6.A.lanunchtheBrowser(A.java:56)
at org.TestNG6.A.lanunchtheBrowser(A.java:56)
at org.TestNG6.A.lanunchtheBrowser(A.java:56)
at org.TestNG6.A.lanunchtheBrowser(A.java:56)
at org.TestNG6.A.lanunchtheBrowser(A.java:56)
at org.TestNG6.A.lanunchtheBrowser(A.java:56)
at org.TestNG6.A.lanunchtheBrowser(A.java:56)
at org.TestNG6.A.lanunchtheBrowser(A.java:56)
at org.TestNG6.A.lanunchtheBrowser(A.java:56)
at org.TestNG6.A.lanunchtheBrowser(A.java:56)
at org.TestNG6.A.lanunchtheBrowser(A.java:56)
at org.TestNG6.A.lanunchtheBrowser(A.java:56)
at org.TestNG6.A.lanunchtheBrowser(A.java:56)
at org.TestNG6.A.lanunchtheBrowser(A.java:56)
at org.TestNG6.A.lanunchtheBrowser(A.java:56)
at org.TestNG6.A.lanunchtheBrowser(A.java:56)
at org.TestNG6.A.lanunchtheBrowser(A.java:56)
at org.TestNG6.A.lanunchtheBrowser(A.java:56)
at org.TestNG6.A.lanunchtheBrowser(A.java:56)
at org.TestNG6.A.lanunchtheBrowser(A.java:56)
at org.TestNG6.A.lanunchtheBrowser(A.java:56)
at org.TestNG6.A.lanunchtheBrowser(A.java:56)
at org.TestNG6.A.lanunchtheBrowser(A.java:56)
at org.TestNG6.A.lanunchtheBrowser(A.java:56)
at org.TestNG6.A.lanunchtheBrowser(A.java:56)
at org.TestNG6.A.lanunchtheBrowser(A.java:56)
at org.TestNG6.A.lanunchtheBrowser(A.java:56)
at org.TestNG6.A.lanunchtheBrowser(A.java:56)
at org.TestNG6.A.lanunchtheBrowser(A.java:56)
at org.TestNG6.A.lanunchtheBrowser(A.java:56)
at org.TestNG6.A.lanunchtheBrowser(A.java:56)
at org.TestNG6.A.lanunchtheBrowser(A.java:56)
at org.TestNG6.A.lanunchtheBrowser(A.java:56)
at org.TestNG6.A.lanunchtheBrowser(A.java:56)
at org.TestNG6.A.lanunchtheBrowser(A.java:56)
at org.TestNG6.A.lanunchtheBrowser(A.java:56)
at org.TestNG6.A.lanunchtheBrowser(A.java:56)
at org.TestNG6.A.lanunchtheBrowser(A.java:56)
at org.TestNG6.A.lanunchtheBrowser(A.java:56)
at org.TestNG6.A.lanunchtheBrowser(A.java:56)
at org.TestNG6.A.lanunchtheBrowser(A.java:56)
at org.TestNG6.A.lanunchtheBrowser(A.java:56)
at org.TestNG6.A.lanunchtheBrowser(A.java:56)
at org.TestNG6.A.lanunchtheBrowser(A.java:56)
at org.TestNG6.A.lanunchtheBrowser(A.java:56)
at org.TestNG6.A.lanunchtheBrowser(A.java:56)
at org.TestNG6.A.lanunchtheBrowser(A.java:56)
at org.TestNG6.A.lanunchtheBrowser(A.java:56)
at org.TestNG6.A.lanunchtheBrowser(A.java:56)
at org.TestNG6.A.lanunchtheBrowser(A.java:56)
at org.TestNG6.A.lanunchtheBrowser(A.java:56)
at org.TestNG6.A.lanunchtheBrowser(A.java:56)
at org.TestNG6.A.lanunchtheBrowser(A.java:56)
at org.TestNG6.A.lanunchtheBrowser(A.java:56)
at org.TestNG6.A.lanunchtheBrowser(A.java:56)
at org.TestNG6.A.lanunchtheBrowser(A.java:56)
at org.TestNG6.A.lanunchtheBrowser(A.java:56)
at org.TestNG6.A.lanunchtheBrowser(A.java:56)
at org.TestNG6.A.lanunchtheBrowser(A.java:56)
at org.TestNG6.A.lanunchtheBrowser(A.java:56)
at org.TestNG6.A.lanunchtheBrowser(A.java:56)
at org.TestNG6.A.lanunchtheBrowser(A.java:56)
at org.TestNG6.A.lanunchtheBrowser(A.java:56)
at org.TestNG6.A.lanunchtheBrowser(A.java:56)
at org.TestNG6.A.lanunchtheBrowser(A.java:56)
at org.TestNG6.A.lanunchtheBrowser(A.java:56)
at org.TestNG6.A.lanunchtheBrowser(A.java:56)
at org.TestNG6.A.lanunchtheBrowser(A.java:56)
at org.TestNG6.A.lanunchtheBrowser(A.java:56)
at org.TestNG6.A.lanunchtheBrowser(A.java:56)
at org.TestNG6.A.lanunchtheBrowser(A.java:56)
at org.TestNG6.A.lanunchtheBrowser(A.java:56)
at org.TestNG6.A.lanunchtheBrowser(A.java:56)
at org.TestNG6.A.lanunchtheBrowser(A.java:56)
at org.TestNG6.A.lanunchtheBrowser(A.java:56)
at org.TestNG6.A.lanunchtheBrowser(A.java:56)
at org.TestNG6.A.lanunchtheBrowser(A.java:56)
at org.TestNG6.A.lanunchtheBrowser(A.java:56)
at org.TestNG6.A.lanunchtheBrowser(A.java:56)
at org.TestNG6.A.lanunchtheBrowser(A.java:56)
at org.TestNG6.A.lanunchtheBrowser(A.java:56)
at org.TestNG6.A.lanunchtheBrowser(A.java:56)
at org.TestNG6.A.lanunchtheBrowser(A.java:56)
at org.TestNG6.A.lanunchtheBrowser(A.java:56)
at org.TestNG6.A.lanunchtheBrowser(A.java:56)
at org.TestNG6.A.lanunchtheBrowser(A.java:56)
at org.TestNG6.A.lanunchtheBrowser(A.java:56)
at org.TestNG6.A.lanunchtheBrowser(A.java:56)
at org.TestNG6.A.lanunchtheBrowser(A.java:56)
at org.TestNG6.A.lanunchtheBrowser(A.java:56)
at org.TestNG6.A.lanunchtheBrowser(A.java:56)
at org.TestNG6.A.lanunchtheBrowser(A.java:56)
at org.TestNG6.A.lanunchtheBrowser(A.java:56)
at org.TestNG6.A.lanunchtheBrowser(A.java:56)
at org.TestNG6.A.lanunchtheBrowser(A.java:56)
at org.TestNG6.A.lanunchtheBrowser(A.java:56)
at org.TestNG6.A.lanunchtheBrowser(A.java:56)
at org.TestNG6.A.lanunchtheBrowser(A.java:56)
at org.TestNG6.A.lanunchtheBrowser(A.java:56)
at org.TestNG6.A.lanunchtheBrowser(A.java:56)
at org.TestNG6.A.lanunchtheBrowser(A.java:56)
at org.TestNG6.A.lanunchtheBrowser(A.java:56)
at org.TestNG6.A.lanunchtheBrowser(A.java:56)
at org.TestNG6.A.lanunchtheBrowser(A.java:56)
at org.TestNG6.A.lanunchtheBrowser(A.java:56)
at org.TestNG6.A.lanunchtheBrowser(A.java:56)
at org.TestNG6.A.lanunchtheBrowser(A.java:56)
at org.TestNG6.A.lanunchtheBrowser(A.java:56)
at org.TestNG6.A.lanunchtheBrowser(A.java:56)
at org.TestNG6.A.lanunchtheBrowser(A.java:56)
at org.TestNG6.A.lanunchtheBrowser(A.java:56)
at org.TestNG6.A.lanunchtheBrowser(A.java:56)
at org.TestNG6.A.lanunchtheBrowser(A.java:56)
at org.TestNG6.A.lanunchtheBrowser(A.java:56)
at org.TestNG6.A.lanunchtheBrowser(A.java:56)
at org.TestNG6.A.lanunchtheBrowser(A.java:56)
at org.TestNG6.A.lanunchtheBrowser(A.java:56)
at org.TestNG6.A.lanunchtheBrowser(A.java:56)
at org.TestNG6.A.lanunchtheBrowser(A.java:56)
at org.TestNG6.A.lanunchtheBrowser(A.java:56)
at org.TestNG6.A.lanunchtheBrowser(A.java:56)
at org.TestNG6.A.lanunchtheBrowser(A.java:56)
at org.TestNG6.A.lanunchtheBrowser(A.java:56)
at org.TestNG6.A.lanunchtheBrowser(A.java:56)
at org.TestNG6.A.lanunchtheBrowser(A.java:56)
at org.TestNG6.A.lanunchtheBrowser(A.java:56)
at org.TestNG6.A.lanunchtheBrowser(A.java:56)
at org.TestNG6.A.lanunchtheBrowser(A.java:56)
at org.TestNG6.A.lanunchtheBrowser(A.java:56)
at org.TestNG6.A.lanunchtheBrowser(A.java:56)
at org.TestNG6.A.lanunchtheBrowser(A.java:56)
at org.TestNG6.A.lanunchtheBrowser(A.java:56)
at org.TestNG6.A.lanunchtheBrowser(A.java:56)
at org.TestNG6.A.lanunchtheBrowser(A.java:56)
at org.TestNG6.A.lanunchtheBrowser(A.java:56)
at org.TestNG6.A.lanunchtheBrowser(A.java:56)
at org.TestNG6.A.lanunchtheBrowser(A.java:56)
at org.TestNG6.A.lanunchtheBrowser(A.java:56)
at org.TestNG6.A.lanunchtheBrowser(A.java:56)
at org.TestNG6.A.lanunchtheBrowser(A.java:56)
at org.TestNG6.A.lanunchtheBrowser(A.java:56)
at org.TestNG6.A.lanunchtheBrowser(A.java:56)
at org.TestNG6.A.lanunchtheBrowser(A.java:56)
at org.TestNG6.A.lanunchtheBrowser(A.java:56)
at org.TestNG6.A.lanunchtheBrowser(A.java:56)
at org.TestNG6.A.lanunchtheBrowser(A.java:56)
at org.TestNG6.A.lanunchtheBrowser(A.java:56)
at org.TestNG6.A.lanunchtheBrowser(A.java:56)
at org.TestNG6.A.lanunchtheBrowser(A.java:56)
at org.TestNG6.A.lanunchtheBrowser(A.java:56)
at org.TestNG6.A.lanunchtheBrowser(A.java:56)
at org.TestNG6.A.lanunchtheBrowser(A.java:56)
at org.TestNG6.A.lanunchtheBrowser(A.java:56)
at org.TestNG6.A.lanunchtheBrowser(A.java:56)
at org.TestNG6.A.lanunchtheBrowser(A.java:56)
at org.TestNG6.A.lanunchtheBrowser(A.java:56)
at org.TestNG6.A.lanunchtheBrowser(A.java:56)
at org.TestNG6.A.lanunchtheBrowser(A.java:56)
at org.TestNG6.A.lanunchtheBrowser(A.java:56)
at org.TestNG6.A.lanunchtheBrowser(A.java:56)
at org.TestNG6.A.lanunchtheBrowser(A.java:56)
at org.TestNG6.A.lanunchtheBrowser(A.java:56)
at org.TestNG6.A.lanunchtheBrowser(A.java:56)
at org.TestNG6.A.lanunchtheBrowser(A.java:56)
at org.TestNG6.A.lanunchtheBrowser(A.java:56)
at org.TestNG6.A.lanunchtheBrowser(A.java:56)
at org.TestNG6.A.lanunchtheBrowser(A.java:56)
at org.TestNG6.A.lanunchtheBrowser(A.java:56)
at org.TestNG6.A.lanunchtheBrowser(A.java:56)
at org.TestNG6.A.lanunchtheBrowser(A.java:56)
at org.TestNG6.A.lanunchtheBrowser(A.java:56)
at org.TestNG6.A.lanunchtheBrowser(A.java:56)
at org.TestNG6.A.lanunchtheBrowser(A.java:56)
at org.TestNG6.A.lanunchtheBrowser(A.java:56)
at org.TestNG6.A.lanunchtheBrowser(A.java:56)
at org.TestNG6.A.lanunchtheBrowser(A.java:56)
at org.TestNG6.A.lanunchtheBrowser(A.java:56)
at org.TestNG6.A.lanunchtheBrowser(A.java:56)
at org.TestNG6.A.lanunchtheBrowser(A.java:56)
at org.TestNG6.A.lanunchtheBrowser(A.java:56)
at org.TestNG6.A.lanunchtheBrowser(A.java:56)
at org.TestNG6.A.lanunchtheBrowser(A.java:56)
at org.TestNG6.A.lanunchtheBrowser(A.java:56)
at org.TestNG6.A.lanunchtheBrowser(A.java:56)
at org.TestNG6.A.lanunchtheBrowser(A.java:56)
at org.TestNG6.A.lanunchtheBrowser(A.java:56)
at org.TestNG6.A.lanunchtheBrowser(A.java:56)
at org.TestNG6.A.lanunchtheBrowser(A.java:56)
at org.TestNG6.A.lanunchtheBrowser(A.java:56)
at org.TestNG6.A.lanunchtheBrowser(A.java:56)
at org.TestNG6.A.lanunchtheBrowser(A.java:56)
at org.TestNG6.A.lanunchtheBrowser(A.java:56)
at org.TestNG6.A.lanunchtheBrowser(A.java:56)
at org.TestNG6.A.lanunchtheBrowser(A.java:56)
at org.TestNG6.A.lanunchtheBrowser(A.java:56)
at org.TestNG6.A.lanunchtheBrowser(A.java:56)
at org.TestNG6.A.lanunchtheBrowser(A.java:56)
at org.TestNG6.A.lanunchtheBrowser(A.java:56)
at org.TestNG6.A.lanunchtheBrowser(A.java:56)
at org.TestNG6.A.lanunchtheBrowser(A.java:56)
at org.TestNG6.A.lanunchtheBrowser(A.java:56)
at org.TestNG6.A.lanunchtheBrowser(A.java:56)
at org.TestNG6.A.lanunchtheBrowser(A.java:56)
at org.TestNG6.A.lanunchtheBrowser(A.java:56)
at org.TestNG6.A.lanunchtheBrowser(A.java:56)
at org.TestNG6.A.lanunchtheBrowser(A.java:56)
at org.TestNG6.A.lanunchtheBrowser(A.java:56)
at org.TestNG6.A.lanunchtheBrowser(A.java:56)
at org.TestNG6.A.lanunchtheBrowser(A.java:56)
at org.TestNG6.A.lanunchtheBrowser(A.java:56)
at org.TestNG6.A.lanunchtheBrowser(A.java:56)
at org.TestNG6.A.lanunchtheBrowser(A.java:56)
at org.TestNG6.A.lanunchtheBrowser(A.java:56)
at org.TestNG6.A.lanunchtheBrowser(A.java:56)
at org.TestNG6.A.lanunchtheBrowser(A.java:56)
at org.TestNG6.A.lanunchtheBrowser(A.java:56)
at org.TestNG6.A.lanunchtheBrowser(A.java:56)
at org.TestNG6.A.lanunchtheBrowser(A.java:56)
at org.TestNG6.A.lanunchtheBrowser(A.java:56)
at org.TestNG6.A.lanunchtheBrowser(A.java:56)
at org.TestNG6.A.lanunchtheBrowser(A.java:56)
at org.TestNG6.A.lanunchtheBrowser(A.java:56)
at org.TestNG6.A.lanunchtheBrowser(A.java:56)
at org.TestNG6.A.lanunchtheBrowser(A.java:56)
at org.TestNG6.A.lanunchtheBrowser(A.java:56)
at org.TestNG6.A.lanunchtheBrowser(A.java:56)
at org.TestNG6.A.lanunchtheBrowser(A.java:56)
at org.TestNG6.A.lanunchtheBrowser(A.java:56)
at org.TestNG6.A.lanunchtheBrowser(A.java:56)
at org.TestNG6.A.lanunchtheBrowser(A.java:56)
at org.TestNG6.A.lanunchtheBrowser(A.java:56)
at org.TestNG6.A.lanunchtheBrowser(A.java:56)
at org.TestNG6.A.lanunchtheBrowser(A.java:56)
at org.TestNG6.A.lanunchtheBrowser(A.java:56)
at org.TestNG6.A.lanunchtheBrowser(A.java:56)
at org.TestNG6.A.lanunchtheBrowser(A.java:56)
at org.TestNG6.A.lanunchtheBrowser(A.java:56)
at org.TestNG6.A.lanunchtheBrowser(A.java:56)
at org.TestNG6.A.lanunchtheBrowser(A.java:56)
at org.TestNG6.A.lanunchtheBrowser(A.java:56)
at org.TestNG6.A.lanunchtheBrowser(A.java:56)
at org.TestNG6.A.lanunchtheBrowser(A.java:56)
at org.TestNG6.A.lanunchtheBrowser(A.java:56)
at org.TestNG6.A.lanunchtheBrowser(A.java:56)
at org.TestNG6.A.lanunchtheBrowser(A.java:56)
at org.TestNG6.A.lanunchtheBrowser(A.java:56)
at org.TestNG6.A.lanunchtheBrowser(A.java:56)
at org.TestNG6.A.lanunchtheBrowser(A.java:56)
at org.TestNG6.A.lanunchtheBrowser(A.java:56)
at org.TestNG6.A.lanunchtheBrowser(A.java:56)
at org.TestNG6.A.lanunchtheBrowser(A.java:56)
at org.TestNG6.A.lanunchtheBrowser(A.java:56)
at org.TestNG6.A.lanunchtheBrowser(A.java:56)
at org.TestNG6.A.lanunchtheBrowser(A.java:56)
at org.TestNG6.A.lanunchtheBrowser(A.java:56)
at org.TestNG6.A.lanunchtheBrowser(A.java:56)
at org.TestNG6.A.lanunchtheBrowser(A.java:56)
at org.TestNG6.A.lanunchtheBrowser(A.java:56)
at org.TestNG6.A.lanunchtheBrowser(A.java:56)
at org.TestNG6.A.lanunchtheBrowser(A.java:56)
at org.TestNG6.A.lanunchtheBrowser(A.java:56)
at org.TestNG6.A.lanunchtheBrowser(A.java:56)
at org.TestNG6.A.lanunchtheBrowser(A.java:56)
at org.TestNG6.A.lanunchtheBrowser(A.java:56)
at org.TestNG6.A.lanunchtheBrowser(A.java:56)
at org.TestNG6.A.lanunchtheBrowser(A.java:56)
at org.TestNG6.A.lanunchtheBrowser(A.java:56)
at org.TestNG6.A.lanunchtheBrowser(A.java:56)
at org.TestNG6.A.lanunchtheBrowser(A.java:56)
at org.TestNG6.A.lanunchtheBrowser(A.java:56)
at org.TestNG6.A.lanunchtheBrowser(A.java:56)
at org.TestNG6.A.lanunchtheBrowser(A.java:56)
at org.TestNG6.A.lanunchtheBrowser(A.java:56)
at org.TestNG6.A.lanunchtheBrowser(A.java:56)
at org.TestNG6.A.lanunchtheBrowser(A.java:56)
at org.TestNG6.A.lanunchtheBrowser(A.java:56)
at org.TestNG6.A.lanunchtheBrowser(A.java:56)
at org.TestNG6.A.lanunchtheBrowser(A.java:56)
at org.TestNG6.A.lanunchtheBrowser(A.java:56)
at org.TestNG6.A.lanunchtheBrowser(A.java:56)
at org.TestNG6.A.lanunchtheBrowser(A.java:56)
at org.TestNG6.A.lanunchtheBrowser(A.java:56)
at org.TestNG6.A.lanunchtheBrowser(A.java:56)
at org.TestNG6.A.lanunchtheBrowser(A.java:56)
at org.TestNG6.A.lanunchtheBrowser(A.java:56)
at org.TestNG6.A.lanunchtheBrowser(A.java:56)
at org.TestNG6.A.lanunchtheBrowser(A.java:56)
at org.TestNG6.A.lanunchtheBrowser(A.java:56)
at org.TestNG6.A.lanunchtheBrowser(A.java:56)
at org.TestNG6.A.lanunchtheBrowser(A.java:56)
at org.TestNG6.A.lanunchtheBrowser(A.java:56)
at org.TestNG6.A.lanunchtheBrowser(A.java:56)
at org.TestNG6.A.lanunchtheBrowser(A.java:56)
at org.TestNG6.A.lanunchtheBrowser(A.java:56)
at org.TestNG6.A.lanunchtheBrowser(A.java:56)
at org.TestNG6.A.lanunchtheBrowser(A.java:56)
at org.TestNG6.A.lanunchtheBrowser(A.java:56)
at org.TestNG6.A.lanunchtheBrowser(A.java:56)
at org.TestNG6.A.lanunchtheBrowser(A.java:56)
at org.TestNG6.A.lanunchtheBrowser(A.java:56)
at org.TestNG6.A.lanunchtheBrowser(A.java:56)
at org.TestNG6.A.lanunchtheBrowser(A.java:56)
at org.TestNG6.A.lanunchtheBrowser(A.java:56)
at org.TestNG6.A.lanunchtheBrowser(A.java:56)
at org.TestNG6.A.lanunchtheBrowser(A.java:56)
at org.TestNG6.A.lanunchtheBrowser(A.java:56)
at org.TestNG6.A.lanunchtheBrowser(A.java:56)
at org.TestNG6.A.lanunchtheBrowser(A.java:56)
at org.TestNG6.A.lanunchtheBrowser(A.java:56)
at org.TestNG6.A.lanunchtheBrowser(A.java:56)
at org.TestNG6.A.lanunchtheBrowser(A.java:56)
at org.TestNG6.A.lanunchtheBrowser(A.java:56)
at org.TestNG6.A.lanunchtheBrowser(A.java:56)
at org.TestNG6.A.lanunchtheBrowser(A.java:56)
at org.TestNG6.A.lanunchtheBrowser(A.java:56)
at org.TestNG6.A.lanunchtheBrowser(A.java:56)
at org.TestNG6.A.lanunchtheBrowser(A.java:56)
at org.TestNG6.A.lanunchtheBrowser(A.java:56)
at org.TestNG6.A.lanunchtheBrowser(A.java:56)
at org.TestNG6.A.lanunchtheBrowser(A.java:56)
at org.TestNG6.A.lanunchtheBrowser(A.java:56)
at org.TestNG6.A.lanunchtheBrowser(A.java:56)
at org.TestNG6.A.lanunchtheBrowser(A.java:56)
at org.TestNG6.A.lanunchtheBrowser(A.java:56)
at org.TestNG6.A.lanunchtheBrowser(A.java:56)
at org.TestNG6.A.lanunchtheBrowser(A.java:56)
at org.TestNG6.A.lanunchtheBrowser(A.java:56)
at org.TestNG6.A.lanunchtheBrowser(A.java:56)
at org.TestNG6.A.lanunchtheBrowser(A.java:56)
at org.TestNG6.A.lanunchtheBrowser(A.java:56)
at org.TestNG6.A.lanunchtheBrowser(A.java:56)
at org.TestNG6.A.lanunchtheBrowser(A.java:56)
at org.TestNG6.A.lanunchtheBrowser(A.java:56)
at org.TestNG6.A.lanunchtheBrowser(A.java:56)
at org.TestNG6.A.lanunchtheBrowser(A.java:56)
at org.TestNG6.A.lanunchtheBrowser(A.java:56)
at org.TestNG6.A.lanunchtheBrowser(A.java:56)
at org.TestNG6.A.lanunchtheBrowser(A.java:56)
at org.TestNG6.A.lanunchtheBrowser(A.java:56)
at org.TestNG6.A.lanunchtheBrowser(A.java:56)
at org.TestNG6.A.lanunchtheBrowser(A.java:56)
at org.TestNG6.A.lanunchtheBrowser(A.java:56)
at org.TestNG6.A.lanunchtheBrowser(A.java:56)
at org.TestNG6.A.lanunchtheBrowser(A.java:56)
at org.TestNG6.A.lanunchtheBrowser(A.java:56)
at org.TestNG6.A.lanunchtheBrowser(A.java:56)
at org.TestNG6.A.lanunchtheBrowser(A.java:56)
at org.TestNG6.A.lanunchtheBrowser(A.java:56)
at org.TestNG6.A.lanunchtheBrowser(A.java:56)
at org.TestNG6.A.lanunchtheBrowser(A.java:56)
at org.TestNG6.A.lanunchtheBrowser(A.java:56)
at org.TestNG6.A.lanunchtheBrowser(A.java:56)
]]>
    </failure>
  </testcase> <!-- @BeforeClass lanunchtheBrowser -->
  <testcase classname="org.TestNG6.A" name="@BeforeMethod tc11" time="-1.682999284758E9">
    <skipped/>
  </testcase> <!-- @BeforeMethod tc11 -->
  <testcase classname="org.TestNG6.A" name="@AfterMethod tc22" time="-1.68299928482E9">
    <skipped/>
  </testcase> <!-- @AfterMethod tc22 -->
  <testcase classname="org.TestNG6.A" name="@AfterClass closetheBrowser" time="-1.682999284834E9">
    <skipped/>
  </testcase> <!-- @AfterClass closetheBrowser -->
  <testcase classname="org.TestNG6.A" name="tc1" time="0.0">
    <failure type="org.testng.TestNGException" message="
Parameter &amp;apos;password&amp;apos; is required by @Test on method tc1 but has not been marked @Optional or defined
in C:\Users\Rhamlakshmanan\eclipse-workspace\TestNG\parameter.xml">
      <![CDATA[org.testng.TestNGException: 
Parameter 'password' is required by @Test on method tc1 but has not been marked @Optional or defined
in C:\Users\Rhamlakshmanan\eclipse-workspace\TestNG\parameter.xml
at java.base/java.util.ArrayList.forEach(ArrayList.java:1511)
... Removed 26 stack frames]]>
    </failure>
  </testcase> <!-- tc1 -->
  <testcase classname="org.TestNG6.A" name="tc3" time="0.0">
    <skipped/>
  </testcase> <!-- tc3 -->
  <testcase classname="org.TestNG6.A" name="tc2" time="0.0">
    <ignored/>
  </testcase> <!-- tc2 -->
</testsuite> <!-- Test -->
